<?xml version="1.0" encoding="UTF-8"?>
<testsuite name="BullsCowsTest" tests="1" skipped="0" failures="0" errors="0" timestamp="2020-12-03T17:37:43" hostname="MBP-I-ANTIPOV" time="3.532">
  <properties/>
  <testcase name="start" classname="BullsCowsTest" time="3.532"/>
  <system-out><![CDATA[?[1;31m
Start test 1?[0m
Please, enter the secret code's length:
> 1
Turn 1:
> 0
Grade: None.
Turn 2:
> 1
Grade: None.
Turn 3:
> 2
Grade: None.
Turn 4:
> 3
Grade: None.
Turn 5:
> 4
Grade: 1 bulls.
Congratulations! You guessed the secret code.
?[1;31m
Start test 2?[0m
Please, enter the secret code's length:
> 4
Turn 1:
> 0000
Grade: 1 bull(s) and 3 cow(s).
Turn 2:
> 1111
Grade: 1 bull(s) and 3 cow(s).
Turn 3:
> 2222
Grade: 1 bull(s) and 3 cow(s).
Turn 4:
> 3333
Grade: None.
Turn 5:
> 4444
Grade: None.
Turn 6:
> 5555
Grade: None.
Turn 7:
> 6666
Grade: 1 bull(s) and 3 cow(s).
Turn 8:
> 0126
Grade: 1 bull(s) and 3 cow(s).
Turn 9:
> 1026
Grade: 2 bull(s) and 2 cow(s).
Turn 10:
> 2016
Grade: 1 bull(s) and 3 cow(s).
Turn 11:
> 0216
Grade: 1 bull(s) and 3 cow(s).
Turn 12:
> 1206
Grade: 0 bull(s) and 4 cow(s).
Turn 13:
> 2106
Grade: 0 bull(s) and 4 cow(s).
Turn 14:
> 6102
Grade: 1 bull(s) and 3 cow(s).
Turn 15:
> 1602
Grade: 0 bull(s) and 4 cow(s).
Turn 16:
> 0612
Grade: 1 bull(s) and 3 cow(s).
Turn 17:
> 6012
Grade: 2 bull(s) and 2 cow(s).
Turn 18:
> 1062
Grade: 1 bull(s) and 3 cow(s).
Turn 19:
> 0162
Grade: 1 bull(s) and 3 cow(s).
Turn 20:
> 0261
Grade: 1 bull(s) and 3 cow(s).
Turn 21:
> 2061
Grade: 2 bull(s) and 2 cow(s).
Turn 22:
> 6021
Grade: 4 bulls.
Congratulations! You guessed the secret code.
?[1;31m
Start test 3?[0m
Please, enter the secret code's length:
> 6
Turn 1:
> 000000
Grade: 1 bull(s) and 5 cow(s).
Turn 2:
> 111111
Grade: 1 bull(s) and 5 cow(s).
Turn 3:
> 222222
Grade: None.
Turn 4:
> 333333
Grade: 1 bull(s) and 5 cow(s).
Turn 5:
> 444444
Grade: None.
Turn 6:
> 555555
Grade: 1 bull(s) and 5 cow(s).
Turn 7:
> 666666
Grade: 1 bull(s) and 5 cow(s).
Turn 8:
> 777777
Grade: None.
Turn 9:
> 888888
Grade: 1 bull(s) and 5 cow(s).
Turn 10:
> 013568
Grade: 1 bull(s) and 5 cow(s).
Turn 11:
> 103568
Grade: 2 bull(s) and 4 cow(s).
Turn 12:
> 301568
Grade: 3 bull(s) and 3 cow(s).
Turn 13:
> 031568
Grade: 1 bull(s) and 5 cow(s).
Turn 14:
> 130568
Grade: 1 bull(s) and 5 cow(s).
Turn 15:
> 310568
Grade: 1 bull(s) and 5 cow(s).
Turn 16:
> 510368
Grade: 2 bull(s) and 4 cow(s).
Turn 17:
> 150368
Grade: 1 bull(s) and 5 cow(s).
Turn 18:
> 051368
Grade: 1 bull(s) and 5 cow(s).
Turn 19:
> 501368
Grade: 4 bull(s) and 2 cow(s).
Turn 20:
> 105368
Grade: 2 bull(s) and 4 cow(s).
Turn 21:
> 015368
Grade: 1 bull(s) and 5 cow(s).
Turn 22:
> 035168
Grade: 1 bull(s) and 5 cow(s).
Turn 23:
> 305168
Grade: 2 bull(s) and 4 cow(s).
Turn 24:
> 503168
Grade: 3 bull(s) and 3 cow(s).
Turn 25:
> 053168
Grade: 1 bull(s) and 5 cow(s).
Turn 26:
> 350168
Grade: 1 bull(s) and 5 cow(s).
Turn 27:
> 530168
Grade: 2 bull(s) and 4 cow(s).
Turn 28:
> 531068
Grade: 3 bull(s) and 3 cow(s).
Turn 29:
> 351068
Grade: 2 bull(s) and 4 cow(s).
Turn 30:
> 153068
Grade: 1 bull(s) and 5 cow(s).
Turn 31:
> 513068
Grade: 2 bull(s) and 4 cow(s).
Turn 32:
> 315068
Grade: 1 bull(s) and 5 cow(s).
Turn 33:
> 135068
Grade: 1 bull(s) and 5 cow(s).
Turn 34:
> 635018
Grade: 0 bull(s) and 6 cow(s).
Turn 35:
> 365018
Grade: 0 bull(s) and 6 cow(s).
Turn 36:
> 563018
Grade: 1 bull(s) and 5 cow(s).
Turn 37:
> 653018
Grade: 0 bull(s) and 6 cow(s).
Turn 38:
> 356018
Grade: 0 bull(s) and 6 cow(s).
Turn 39:
> 536018
Grade: 1 bull(s) and 5 cow(s).
Turn 40:
> 036518
Grade: 1 bull(s) and 5 cow(s).
Turn 41:
> 306518
Grade: 1 bull(s) and 5 cow(s).
Turn 42:
> 603518
Grade: 1 bull(s) and 5 cow(s).
Turn 43:
> 063518
Grade: 1 bull(s) and 5 cow(s).
Turn 44:
> 360518
Grade: 0 bull(s) and 6 cow(s).
Turn 45:
> 630518
Grade: 0 bull(s) and 6 cow(s).
Turn 46:
> 650318
Grade: 0 bull(s) and 6 cow(s).
Turn 47:
> 560318
Grade: 1 bull(s) and 5 cow(s).
Turn 48:
> 065318
Grade: 1 bull(s) and 5 cow(s).
Turn 49:
> 605318
Grade: 1 bull(s) and 5 cow(s).
Turn 50:
> 506318
Grade: 2 bull(s) and 4 cow(s).
Turn 51:
> 056318
Grade: 1 bull(s) and 5 cow(s).
Turn 52:
> 053618
Grade: 1 bull(s) and 5 cow(s).
Turn 53:
> 503618
Grade: 2 bull(s) and 4 cow(s).
Turn 54:
> 305618
Grade: 1 bull(s) and 5 cow(s).
Turn 55:
> 035618
Grade: 1 bull(s) and 5 cow(s).
Turn 56:
> 530618
Grade: 1 bull(s) and 5 cow(s).
Turn 57:
> 350618
Grade: 0 bull(s) and 6 cow(s).
Turn 58:
> 150638
Grade: 0 bull(s) and 6 cow(s).
Turn 59:
> 510638
Grade: 1 bull(s) and 5 cow(s).
Turn 60:
> 015638
Grade: 1 bull(s) and 5 cow(s).
Turn 61:
> 105638
Grade: 1 bull(s) and 5 cow(s).
Turn 62:
> 501638
Grade: 3 bull(s) and 3 cow(s).
Turn 63:
> 051638
Grade: 1 bull(s) and 5 cow(s).
Turn 64:
> 651038
Grade: 1 bull(s) and 5 cow(s).
Turn 65:
> 561038
Grade: 2 bull(s) and 4 cow(s).
Turn 66:
> 165038
Grade: 0 bull(s) and 6 cow(s).
Turn 67:
> 615038
Grade: 0 bull(s) and 6 cow(s).
Turn 68:
> 516038
Grade: 1 bull(s) and 5 cow(s).
Turn 69:
> 156038
Grade: 0 bull(s) and 6 cow(s).
Turn 70:
> 106538
Grade: 1 bull(s) and 5 cow(s).
Turn 71:
> 016538
Grade: 1 bull(s) and 5 cow(s).
Turn 72:
> 610538
Grade: 0 bull(s) and 6 cow(s).
Turn 73:
> 160538
Grade: 0 bull(s) and 6 cow(s).
Turn 74:
> 061538
Grade: 1 bull(s) and 5 cow(s).
Turn 75:
> 601538
Grade: 2 bull(s) and 4 cow(s).
Turn 76:
> 605138
Grade: 1 bull(s) and 5 cow(s).
Turn 77:
> 065138
Grade: 1 bull(s) and 5 cow(s).
Turn 78:
> 560138
Grade: 1 bull(s) and 5 cow(s).
Turn 79:
> 650138
Grade: 0 bull(s) and 6 cow(s).
Turn 80:
> 056138
Grade: 1 bull(s) and 5 cow(s).
Turn 81:
> 506138
Grade: 2 bull(s) and 4 cow(s).
Turn 82:
> 306158
Grade: 1 bull(s) and 5 cow(s).
Turn 83:
> 036158
Grade: 1 bull(s) and 5 cow(s).
Turn 84:
> 630158
Grade: 0 bull(s) and 6 cow(s).
Turn 85:
> 360158
Grade: 0 bull(s) and 6 cow(s).
Turn 86:
> 063158
Grade: 1 bull(s) and 5 cow(s).
Turn 87:
> 603158
Grade: 1 bull(s) and 5 cow(s).
Turn 88:
> 103658
Grade: 1 bull(s) and 5 cow(s).
Turn 89:
> 013658
Grade: 1 bull(s) and 5 cow(s).
Turn 90:
> 310658
Grade: 0 bull(s) and 6 cow(s).
Turn 91:
> 130658
Grade: 0 bull(s) and 6 cow(s).
Turn 92:
> 031658
Grade: 1 bull(s) and 5 cow(s).
Turn 93:
> 301658
Grade: 2 bull(s) and 4 cow(s).
Turn 94:
> 361058
Grade: 1 bull(s) and 5 cow(s).
Turn 95:
> 631058
Grade: 1 bull(s) and 5 cow(s).
Turn 96:
> 136058
Grade: 0 bull(s) and 6 cow(s).
Turn 97:
> 316058
Grade: 0 bull(s) and 6 cow(s).
Turn 98:
> 613058
Grade: 0 bull(s) and 6 cow(s).
Turn 99:
> 163058
Grade: 0 bull(s) and 6 cow(s).
Turn 100:
> 160358
Grade: 0 bull(s) and 6 cow(s).
Turn 101:
> 610358
Grade: 0 bull(s) and 6 cow(s).
Turn 102:
> 016358
Grade: 1 bull(s) and 5 cow(s).
Turn 103:
> 106358
Grade: 1 bull(s) and 5 cow(s).
Turn 104:
> 601358
Grade: 2 bull(s) and 4 cow(s).
Turn 105:
> 061358
Grade: 1 bull(s) and 5 cow(s).
Turn 106:
> 561308
Grade: 2 bull(s) and 4 cow(s).
Turn 107:
> 651308
Grade: 1 bull(s) and 5 cow(s).
Turn 108:
> 156308
Grade: 0 bull(s) and 6 cow(s).
Turn 109:
> 516308
Grade: 1 bull(s) and 5 cow(s).
Turn 110:
> 615308
Grade: 0 bull(s) and 6 cow(s).
Turn 111:
> 165308
Grade: 0 bull(s) and 6 cow(s).
Turn 112:
> 365108
Grade: 0 bull(s) and 6 cow(s).
Turn 113:
> 635108
Grade: 0 bull(s) and 6 cow(s).
Turn 114:
> 536108
Grade: 1 bull(s) and 5 cow(s).
Turn 115:
> 356108
Grade: 0 bull(s) and 6 cow(s).
Turn 116:
> 653108
Grade: 0 bull(s) and 6 cow(s).
Turn 117:
> 563108
Grade: 1 bull(s) and 5 cow(s).
Turn 118:
> 513608
Grade: 1 bull(s) and 5 cow(s).
Turn 119:
> 153608
Grade: 0 bull(s) and 6 cow(s).
Turn 120:
> 351608
Grade: 1 bull(s) and 5 cow(s).
Turn 121:
> 531608
Grade: 2 bull(s) and 4 cow(s).
Turn 122:
> 135608
Grade: 0 bull(s) and 6 cow(s).
Turn 123:
> 315608
Grade: 0 bull(s) and 6 cow(s).
Turn 124:
> 316508
Grade: 0 bull(s) and 6 cow(s).
Turn 125:
> 136508
Grade: 0 bull(s) and 6 cow(s).
Turn 126:
> 631508
Grade: 1 bull(s) and 5 cow(s).
Turn 127:
> 361508
Grade: 1 bull(s) and 5 cow(s).
Turn 128:
> 163508
Grade: 0 bull(s) and 6 cow(s).
Turn 129:
> 613508
Grade: 0 bull(s) and 6 cow(s).
Turn 130:
> 813506
Grade: 0 bull(s) and 6 cow(s).
Turn 131:
> 183506
Grade: 0 bull(s) and 6 cow(s).
Turn 132:
> 381506
Grade: 1 bull(s) and 5 cow(s).
Turn 133:
> 831506
Grade: 1 bull(s) and 5 cow(s).
Turn 134:
> 138506
Grade: 0 bull(s) and 6 cow(s).
Turn 135:
> 318506
Grade: 0 bull(s) and 6 cow(s).
Turn 136:
> 518306
Grade: 1 bull(s) and 5 cow(s).
Turn 137:
> 158306
Grade: 0 bull(s) and 6 cow(s).
Turn 138:
> 851306
Grade: 1 bull(s) and 5 cow(s).
Turn 139:
> 581306
Grade: 2 bull(s) and 4 cow(s).
Turn 140:
> 185306
Grade: 0 bull(s) and 6 cow(s).
Turn 141:
> 815306
Grade: 0 bull(s) and 6 cow(s).
Turn 142:
> 835106
Grade: 0 bull(s) and 6 cow(s).
Turn 143:
> 385106
Grade: 0 bull(s) and 6 cow(s).
Turn 144:
> 583106
Grade: 1 bull(s) and 5 cow(s).
Turn 145:
> 853106
Grade: 0 bull(s) and 6 cow(s).
Turn 146:
> 358106
Grade: 0 bull(s) and 6 cow(s).
Turn 147:
> 538106
Grade: 1 bull(s) and 5 cow(s).
Turn 148:
> 531806
Grade: 3 bull(s) and 3 cow(s).
Turn 149:
> 351806
Grade: 2 bull(s) and 4 cow(s).
Turn 150:
> 153806
Grade: 1 bull(s) and 5 cow(s).
Turn 151:
> 513806
Grade: 2 bull(s) and 4 cow(s).
Turn 152:
> 315806
Grade: 1 bull(s) and 5 cow(s).
Turn 153:
> 135806
Grade: 1 bull(s) and 5 cow(s).
Turn 154:
> 035816
Grade: 1 bull(s) and 5 cow(s).
Turn 155:
> 305816
Grade: 2 bull(s) and 4 cow(s).
Turn 156:
> 503816
Grade: 3 bull(s) and 3 cow(s).
Turn 157:
> 053816
Grade: 1 bull(s) and 5 cow(s).
Turn 158:
> 350816
Grade: 1 bull(s) and 5 cow(s).
Turn 159:
> 530816
Grade: 2 bull(s) and 4 cow(s).
Turn 160:
> 830516
Grade: 0 bull(s) and 6 cow(s).
Turn 161:
> 380516
Grade: 0 bull(s) and 6 cow(s).
Turn 162:
> 083516
Grade: 1 bull(s) and 5 cow(s).
Turn 163:
> 803516
Grade: 1 bull(s) and 5 cow(s).
Turn 164:
> 308516
Grade: 1 bull(s) and 5 cow(s).
Turn 165:
> 038516
Grade: 1 bull(s) and 5 cow(s).
Turn 166:
> 058316
Grade: 1 bull(s) and 5 cow(s).
Turn 167:
> 508316
Grade: 2 bull(s) and 4 cow(s).
Turn 168:
> 805316
Grade: 1 bull(s) and 5 cow(s).
Turn 169:
> 085316
Grade: 1 bull(s) and 5 cow(s).
Turn 170:
> 580316
Grade: 1 bull(s) and 5 cow(s).
Turn 171:
> 850316
Grade: 0 bull(s) and 6 cow(s).
Turn 172:
> 853016
Grade: 0 bull(s) and 6 cow(s).
Turn 173:
> 583016
Grade: 1 bull(s) and 5 cow(s).
Turn 174:
> 385016
Grade: 0 bull(s) and 6 cow(s).
Turn 175:
> 835016
Grade: 0 bull(s) and 6 cow(s).
Turn 176:
> 538016
Grade: 1 bull(s) and 5 cow(s).
Turn 177:
> 358016
Grade: 0 bull(s) and 6 cow(s).
Turn 178:
> 158036
Grade: 0 bull(s) and 6 cow(s).
Turn 179:
> 518036
Grade: 1 bull(s) and 5 cow(s).
Turn 180:
> 815036
Grade: 0 bull(s) and 6 cow(s).
Turn 181:
> 185036
Grade: 0 bull(s) and 6 cow(s).
Turn 182:
> 581036
Grade: 2 bull(s) and 4 cow(s).
Turn 183:
> 851036
Grade: 1 bull(s) and 5 cow(s).
Turn 184:
> 051836
Grade: 1 bull(s) and 5 cow(s).
Turn 185:
> 501836
Grade: 4 bull(s) and 2 cow(s).
Turn 186:
> 105836
Grade: 2 bull(s) and 4 cow(s).
Turn 187:
> 015836
Grade: 1 bull(s) and 5 cow(s).
Turn 188:
> 510836
Grade: 2 bull(s) and 4 cow(s).
Turn 189:
> 150836
Grade: 1 bull(s) and 5 cow(s).
Turn 190:
> 180536
Grade: 0 bull(s) and 6 cow(s).
Turn 191:
> 810536
Grade: 0 bull(s) and 6 cow(s).
Turn 192:
> 018536
Grade: 1 bull(s) and 5 cow(s).
Turn 193:
> 108536
Grade: 1 bull(s) and 5 cow(s).
Turn 194:
> 801536
Grade: 2 bull(s) and 4 cow(s).
Turn 195:
> 081536
Grade: 1 bull(s) and 5 cow(s).
Turn 196:
> 085136
Grade: 1 bull(s) and 5 cow(s).
Turn 197:
> 805136
Grade: 1 bull(s) and 5 cow(s).
Turn 198:
> 508136
Grade: 2 bull(s) and 4 cow(s).
Turn 199:
> 058136
Grade: 1 bull(s) and 5 cow(s).
Turn 200:
> 850136
Grade: 0 bull(s) and 6 cow(s).
Turn 201:
> 580136
Grade: 1 bull(s) and 5 cow(s).
Turn 202:
> 380156
Grade: 0 bull(s) and 6 cow(s).
Turn 203:
> 830156
Grade: 0 bull(s) and 6 cow(s).
Turn 204:
> 038156
Grade: 1 bull(s) and 5 cow(s).
Turn 205:
> 308156
Grade: 1 bull(s) and 5 cow(s).
Turn 206:
> 803156
Grade: 1 bull(s) and 5 cow(s).
Turn 207:
> 083156
Grade: 1 bull(s) and 5 cow(s).
Turn 208:
> 183056
Grade: 0 bull(s) and 6 cow(s).
Turn 209:
> 813056
Grade: 0 bull(s) and 6 cow(s).
Turn 210:
> 318056
Grade: 0 bull(s) and 6 cow(s).
Turn 211:
> 138056
Grade: 0 bull(s) and 6 cow(s).
Turn 212:
> 831056
Grade: 1 bull(s) and 5 cow(s).
Turn 213:
> 381056
Grade: 1 bull(s) and 5 cow(s).
Turn 214:
> 301856
Grade: 3 bull(s) and 3 cow(s).
Turn 215:
> 031856
Grade: 1 bull(s) and 5 cow(s).
Turn 216:
> 130856
Grade: 1 bull(s) and 5 cow(s).
Turn 217:
> 310856
Grade: 1 bull(s) and 5 cow(s).
Turn 218:
> 013856
Grade: 1 bull(s) and 5 cow(s).
Turn 219:
> 103856
Grade: 2 bull(s) and 4 cow(s).
Turn 220:
> 108356
Grade: 1 bull(s) and 5 cow(s).
Turn 221:
> 018356
Grade: 1 bull(s) and 5 cow(s).
Turn 222:
> 810356
Grade: 0 bull(s) and 6 cow(s).
Turn 223:
> 180356
Grade: 0 bull(s) and 6 cow(s).
Turn 224:
> 081356
Grade: 1 bull(s) and 5 cow(s).
Turn 225:
> 801356
Grade: 2 bull(s) and 4 cow(s).
Turn 226:
> 501386
Grade: 3 bull(s) and 3 cow(s).
Turn 227:
> 051386
Grade: 1 bull(s) and 5 cow(s).
Turn 228:
> 150386
Grade: 0 bull(s) and 6 cow(s).
Turn 229:
> 510386
Grade: 1 bull(s) and 5 cow(s).
Turn 230:
> 015386
Grade: 1 bull(s) and 5 cow(s).
Turn 231:
> 105386
Grade: 1 bull(s) and 5 cow(s).
Turn 232:
> 305186
Grade: 1 bull(s) and 5 cow(s).
Turn 233:
> 035186
Grade: 1 bull(s) and 5 cow(s).
Turn 234:
> 530186
Grade: 1 bull(s) and 5 cow(s).
Turn 235:
> 350186
Grade: 0 bull(s) and 6 cow(s).
Turn 236:
> 053186
Grade: 1 bull(s) and 5 cow(s).
Turn 237:
> 503186
Grade: 2 bull(s) and 4 cow(s).
Turn 238:
> 513086
Grade: 1 bull(s) and 5 cow(s).
Turn 239:
> 153086
Grade: 0 bull(s) and 6 cow(s).
Turn 240:
> 351086
Grade: 1 bull(s) and 5 cow(s).
Turn 241:
> 531086
Grade: 2 bull(s) and 4 cow(s).
Turn 242:
> 135086
Grade: 0 bull(s) and 6 cow(s).
Turn 243:
> 315086
Grade: 0 bull(s) and 6 cow(s).
Turn 244:
> 310586
Grade: 0 bull(s) and 6 cow(s).
Turn 245:
> 130586
Grade: 0 bull(s) and 6 cow(s).
Turn 246:
> 031586
Grade: 1 bull(s) and 5 cow(s).
Turn 247:
> 301586
Grade: 2 bull(s) and 4 cow(s).
Turn 248:
> 103586
Grade: 1 bull(s) and 5 cow(s).
Turn 249:
> 013586
Grade: 1 bull(s) and 5 cow(s).
Turn 250:
> 063581
Grade: 1 bull(s) and 5 cow(s).
Turn 251:
> 603581
Grade: 1 bull(s) and 5 cow(s).
Turn 252:
> 306581
Grade: 1 bull(s) and 5 cow(s).
Turn 253:
> 036581
Grade: 1 bull(s) and 5 cow(s).
Turn 254:
> 630581
Grade: 0 bull(s) and 6 cow(s).
Turn 255:
> 360581
Grade: 0 bull(s) and 6 cow(s).
Turn 256:
> 560381
Grade: 1 bull(s) and 5 cow(s).
Turn 257:
> 650381
Grade: 0 bull(s) and 6 cow(s).
Turn 258:
> 056381
Grade: 1 bull(s) and 5 cow(s).
Turn 259:
> 506381
Grade: 2 bull(s) and 4 cow(s).
Turn 260:
> 605381
Grade: 1 bull(s) and 5 cow(s).
Turn 261:
> 065381
Grade: 1 bull(s) and 5 cow(s).
Turn 262:
> 035681
Grade: 1 bull(s) and 5 cow(s).
Turn 263:
> 305681
Grade: 1 bull(s) and 5 cow(s).
Turn 264:
> 503681
Grade: 2 bull(s) and 4 cow(s).
Turn 265:
> 053681
Grade: 1 bull(s) and 5 cow(s).
Turn 266:
> 350681
Grade: 0 bull(s) and 6 cow(s).
Turn 267:
> 530681
Grade: 1 bull(s) and 5 cow(s).
Turn 268:
> 536081
Grade: 1 bull(s) and 5 cow(s).
Turn 269:
> 356081
Grade: 0 bull(s) and 6 cow(s).
Turn 270:
> 653081
Grade: 0 bull(s) and 6 cow(s).
Turn 271:
> 563081
Grade: 1 bull(s) and 5 cow(s).
Turn 272:
> 365081
Grade: 0 bull(s) and 6 cow(s).
Turn 273:
> 635081
Grade: 0 bull(s) and 6 cow(s).
Turn 274:
> 835061
Grade: 1 bull(s) and 5 cow(s).
Turn 275:
> 385061
Grade: 1 bull(s) and 5 cow(s).
Turn 276:
> 583061
Grade: 2 bull(s) and 4 cow(s).
Turn 277:
> 853061
Grade: 1 bull(s) and 5 cow(s).
Turn 278:
> 358061
Grade: 1 bull(s) and 5 cow(s).
Turn 279:
> 538061
Grade: 2 bull(s) and 4 cow(s).
Turn 280:
> 038561
Grade: 1 bull(s) and 5 cow(s).
Turn 281:
> 308561
Grade: 2 bull(s) and 4 cow(s).
Turn 282:
> 803561
Grade: 2 bull(s) and 4 cow(s).
Turn 283:
> 083561
Grade: 1 bull(s) and 5 cow(s).
Turn 284:
> 380561
Grade: 1 bull(s) and 5 cow(s).
Turn 285:
> 830561
Grade: 1 bull(s) and 5 cow(s).
Turn 286:
> 850361
Grade: 1 bull(s) and 5 cow(s).
Turn 287:
> 580361
Grade: 2 bull(s) and 4 cow(s).
Turn 288:
> 085361
Grade: 1 bull(s) and 5 cow(s).
Turn 289:
> 805361
Grade: 2 bull(s) and 4 cow(s).
Turn 290:
> 508361
Grade: 3 bull(s) and 3 cow(s).
Turn 291:
> 058361
Grade: 1 bull(s) and 5 cow(s).
Turn 292:
> 053861
Grade: 1 bull(s) and 5 cow(s).
Turn 293:
> 503861
Grade: 4 bull(s) and 2 cow(s).
Turn 294:
> 305861
Grade: 3 bull(s) and 3 cow(s).
Turn 295:
> 035861
Grade: 1 bull(s) and 5 cow(s).
Turn 296:
> 530861
Grade: 3 bull(s) and 3 cow(s).
Turn 297:
> 350861
Grade: 2 bull(s) and 4 cow(s).
Turn 298:
> 650831
Grade: 1 bull(s) and 5 cow(s).
Turn 299:
> 560831
Grade: 2 bull(s) and 4 cow(s).
Turn 300:
> 065831
Grade: 1 bull(s) and 5 cow(s).
Turn 301:
> 605831
Grade: 2 bull(s) and 4 cow(s).
Turn 302:
> 506831
Grade: 3 bull(s) and 3 cow(s).
Turn 303:
> 056831
Grade: 1 bull(s) and 5 cow(s).
Turn 304:
> 856031
Grade: 0 bull(s) and 6 cow(s).
Turn 305:
> 586031
Grade: 1 bull(s) and 5 cow(s).
Turn 306:
> 685031
Grade: 0 bull(s) and 6 cow(s).
Turn 307:
> 865031
Grade: 0 bull(s) and 6 cow(s).
Turn 308:
> 568031
Grade: 1 bull(s) and 5 cow(s).
Turn 309:
> 658031
Grade: 0 bull(s) and 6 cow(s).
Turn 310:
> 608531
Grade: 1 bull(s) and 5 cow(s).
Turn 311:
> 068531
Grade: 1 bull(s) and 5 cow(s).
Turn 312:
> 860531
Grade: 0 bull(s) and 6 cow(s).
Turn 313:
> 680531
Grade: 0 bull(s) and 6 cow(s).
Turn 314:
> 086531
Grade: 1 bull(s) and 5 cow(s).
Turn 315:
> 806531
Grade: 1 bull(s) and 5 cow(s).
Turn 316:
> 805631
Grade: 1 bull(s) and 5 cow(s).
Turn 317:
> 085631
Grade: 1 bull(s) and 5 cow(s).
Turn 318:
> 580631
Grade: 1 bull(s) and 5 cow(s).
Turn 319:
> 850631
Grade: 0 bull(s) and 6 cow(s).
Turn 320:
> 058631
Grade: 1 bull(s) and 5 cow(s).
Turn 321:
> 508631
Grade: 2 bull(s) and 4 cow(s).
Turn 322:
> 308651
Grade: 1 bull(s) and 5 cow(s).
Turn 323:
> 038651
Grade: 1 bull(s) and 5 cow(s).
Turn 324:
> 830651
Grade: 0 bull(s) and 6 cow(s).
Turn 325:
> 380651
Grade: 0 bull(s) and 6 cow(s).
Turn 326:
> 083651
Grade: 1 bull(s) and 5 cow(s).
Turn 327:
> 803651
Grade: 1 bull(s) and 5 cow(s).
Turn 328:
> 603851
Grade: 2 bull(s) and 4 cow(s).
Turn 329:
> 063851
Grade: 1 bull(s) and 5 cow(s).
Turn 330:
> 360851
Grade: 1 bull(s) and 5 cow(s).
Turn 331:
> 630851
Grade: 1 bull(s) and 5 cow(s).
Turn 332:
> 036851
Grade: 1 bull(s) and 5 cow(s).
Turn 333:
> 306851
Grade: 2 bull(s) and 4 cow(s).
Turn 334:
> 386051
Grade: 0 bull(s) and 6 cow(s).
Turn 335:
> 836051
Grade: 0 bull(s) and 6 cow(s).
Turn 336:
> 638051
Grade: 0 bull(s) and 6 cow(s).
Turn 337:
> 368051
Grade: 0 bull(s) and 6 cow(s).
Turn 338:
> 863051
Grade: 0 bull(s) and 6 cow(s).
Turn 339:
> 683051
Grade: 0 bull(s) and 6 cow(s).
Turn 340:
> 680351
Grade: 0 bull(s) and 6 cow(s).
Turn 341:
> 860351
Grade: 0 bull(s) and 6 cow(s).
Turn 342:
> 068351
Grade: 1 bull(s) and 5 cow(s).
Turn 343:
> 608351
Grade: 1 bull(s) and 5 cow(s).
Turn 344:
> 806351
Grade: 1 bull(s) and 5 cow(s).
Turn 345:
> 086351
Grade: 1 bull(s) and 5 cow(s).
Turn 346:
> 586301
Grade: 1 bull(s) and 5 cow(s).
Turn 347:
> 856301
Grade: 0 bull(s) and 6 cow(s).
Turn 348:
> 658301
Grade: 0 bull(s) and 6 cow(s).
Turn 349:
> 568301
Grade: 1 bull(s) and 5 cow(s).
Turn 350:
> 865301
Grade: 0 bull(s) and 6 cow(s).
Turn 351:
> 685301
Grade: 0 bull(s) and 6 cow(s).
Turn 352:
> 385601
Grade: 0 bull(s) and 6 cow(s).
Turn 353:
> 835601
Grade: 0 bull(s) and 6 cow(s).
Turn 354:
> 538601
Grade: 1 bull(s) and 5 cow(s).
Turn 355:
> 358601
Grade: 0 bull(s) and 6 cow(s).
Turn 356:
> 853601
Grade: 0 bull(s) and 6 cow(s).
Turn 357:
> 583601
Grade: 1 bull(s) and 5 cow(s).
Turn 358:
> 563801
Grade: 2 bull(s) and 4 cow(s).
Turn 359:
> 653801
Grade: 1 bull(s) and 5 cow(s).
Turn 360:
> 356801
Grade: 1 bull(s) and 5 cow(s).
Turn 361:
> 536801
Grade: 2 bull(s) and 4 cow(s).
Turn 362:
> 635801
Grade: 1 bull(s) and 5 cow(s).
Turn 363:
> 365801
Grade: 1 bull(s) and 5 cow(s).
Turn 364:
> 368501
Grade: 0 bull(s) and 6 cow(s).
Turn 365:
> 638501
Grade: 0 bull(s) and 6 cow(s).
Turn 366:
> 836501
Grade: 0 bull(s) and 6 cow(s).
Turn 367:
> 386501
Grade: 0 bull(s) and 6 cow(s).
Turn 368:
> 683501
Grade: 0 bull(s) and 6 cow(s).
Turn 369:
> 863501
Grade: 0 bull(s) and 6 cow(s).
Turn 370:
> 861503
Grade: 2 bull(s) and 4 cow(s).
Turn 371:
> 681503
Grade: 2 bull(s) and 4 cow(s).
Turn 372:
> 186503
Grade: 1 bull(s) and 5 cow(s).
Turn 373:
> 816503
Grade: 1 bull(s) and 5 cow(s).
Turn 374:
> 618503
Grade: 1 bull(s) and 5 cow(s).
Turn 375:
> 168503
Grade: 1 bull(s) and 5 cow(s).
Turn 376:
> 568103
Grade: 2 bull(s) and 4 cow(s).
Turn 377:
> 658103
Grade: 1 bull(s) and 5 cow(s).
Turn 378:
> 856103
Grade: 1 bull(s) and 5 cow(s).
Turn 379:
> 586103
Grade: 2 bull(s) and 4 cow(s).
Turn 380:
> 685103
Grade: 1 bull(s) and 5 cow(s).
Turn 381:
> 865103
Grade: 1 bull(s) and 5 cow(s).
Turn 382:
> 815603
Grade: 1 bull(s) and 5 cow(s).
Turn 383:
> 185603
Grade: 1 bull(s) and 5 cow(s).
Turn 384:
> 581603
Grade: 3 bull(s) and 3 cow(s).
Turn 385:
> 851603
Grade: 2 bull(s) and 4 cow(s).
Turn 386:
> 158603
Grade: 1 bull(s) and 5 cow(s).
Turn 387:
> 518603
Grade: 2 bull(s) and 4 cow(s).
Turn 388:
> 516803
Grade: 3 bull(s) and 3 cow(s).
Turn 389:
> 156803
Grade: 2 bull(s) and 4 cow(s).
Turn 390:
> 651803
Grade: 3 bull(s) and 3 cow(s).
Turn 391:
> 561803
Grade: 4 bull(s) and 2 cow(s).
Turn 392:
> 165803
Grade: 2 bull(s) and 4 cow(s).
Turn 393:
> 615803
Grade: 2 bull(s) and 4 cow(s).
Turn 394:
> 015863
Grade: 1 bull(s) and 5 cow(s).
Turn 395:
> 105863
Grade: 4 bull(s) and 2 cow(s).
Turn 396:
> 501863
Grade: 6 bulls.
Congratulations! You guessed the secret code.
?[1;31m
Start test 4?[0m
Please, enter the secret code's length:
> 11
Error: can't generate a secret number with a length of 11 because there aren't enough unique digits.
]]></system-out>
  <system-err><![CDATA[]]></system-err>
</testsuite>
